<?xml version="1.0" encoding="UTF-8"?>
<!-- Generated by org.testng.reporters.JUnitXMLReporter -->
<testsuite ignored="0" hostname="ITWS37" failures="0" tests="5" name="Surefire test" time="0.075" errors="0" timestamp="2023-10-27T14:26:05 IST">
  <testcase classname="com.lbrce.devops.UserAuthenticationTest" name="testCase1" time="0.018"/>
  <testcase classname="com.lbrce.devops.UserAuthenticationTest" name="testCase2" time="0.001"/>
  <testcase classname="com.lbrce.devops.UserAuthenticationTest" name="testCase3" time="0.0"/>
  <testcase classname="com.lbrce.devops.UserAuthenticationTest" name="testCase4" time="0.0"/>
  <testcase classname="com.lbrce.devops.UserAuthenticationTest" name="testCase5" time="0.0"/>
</testsuite> <!-- Surefire test -->
